2018-07-25 12:33:50.116  INFO 58660 --- [main] top.whattowatch.wtw.WtwApplication       : Starting WtwApplication on DESKTOP-DK1GVM7 with PID 58660 (D:\IdeaWorkplace\wtw\target\classes started by 江南小俊 in D:\IdeaWorkplace\wtw)
2018-07-25 12:33:50.124  INFO 58660 --- [main] top.whattowatch.wtw.WtwApplication       : No active profile set, falling back to default profiles: default
2018-07-25 12:33:50.198  INFO 58660 --- [main] ConfigServletWebServerApplicationContext : Refreshing org.springframework.boot.web.servlet.context.AnnotationConfigServletWebServerApplicationContext@313ac989: startup date [Wed Jul 25 12:33:50 CST 2018]; root of context hierarchy
2018-07-25 12:33:51.285  INFO 58660 --- [main] .s.d.r.c.RepositoryConfigurationDelegate : Multiple Spring Data modules found, entering strict repository configuration mode!
2018-07-25 12:33:51.918  INFO 58660 --- [main] trationDelegate$BeanPostProcessorChecker : Bean 'org.springframework.transaction.annotation.ProxyTransactionManagementConfiguration' of type [org.springframework.transaction.annotation.ProxyTransactionManagementConfiguration$$EnhancerBySpringCGLIB$$d4aa98e1] is not eligible for getting processed by all BeanPostProcessors (for example: not eligible for auto-proxying)
2018-07-25 12:33:52.356  INFO 58660 --- [main] o.s.b.w.embedded.tomcat.TomcatWebServer  : Tomcat initialized with port(s): 8080 (http)
2018-07-25 12:33:52.391  INFO 58660 --- [main] o.apache.catalina.core.StandardService   : Starting service [Tomcat]
2018-07-25 12:33:52.392  INFO 58660 --- [main] org.apache.catalina.core.StandardEngine  : Starting Servlet Engine: Apache Tomcat/8.5.31
2018-07-25 12:33:52.397  INFO 58660 --- [localhost-startStop-1] o.a.catalina.core.AprLifecycleListener   : The APR based Apache Tomcat Native library which allows optimal performance in production environments was not found on the java.library.path: [E:\develop\java\java1.8\jdk1.8.0_151\bin;C:\WINDOWS\Sun\Java\bin;C:\WINDOWS\system32;C:\WINDOWS;C:\Program Files (x86)\Common Files\Oracle\Java\javapath;C:\ProgramData\Oracle\Java\javapath;E:\develop\python36\Scripts\;E:\develop\python36\;C:\WINDOWS\system32;C:\WINDOWS;C:\WINDOWS\System32\Wbem;C:\WINDOWS\System32\WindowsPowerShell\v1.0\;E:\develop\mysql\bin;E:\develop\apache-maven-3.5.3\bin;E:\develop\python36\Lib\idlelib;;C:\WINDOWS\System32\OpenSSH\;C:\Users\江南小俊\AppData\Local\Microsoft\WindowsApps;E:\develop\java\java1.8\jdk1.8.0_151\bin;E:\develop\java\java1.8\jdk1.8.0_151\jre\bin;E:\develop\gradle\gradle-4.8.1\bin;;E:\普通软件\Fiddler;.]
2018-07-25 12:33:52.575  INFO 58660 --- [localhost-startStop-1] o.a.c.c.C.[Tomcat].[localhost].[/]       : Initializing Spring embedded WebApplicationContext
2018-07-25 12:33:52.576  INFO 58660 --- [localhost-startStop-1] o.s.web.context.ContextLoader            : Root WebApplicationContext: initialization completed in 2378 ms
2018-07-25 12:33:52.866  INFO 58660 --- [localhost-startStop-1] o.s.b.w.servlet.ServletRegistrationBean  : Servlet statViewServlet mapped to [/druid/*]
2018-07-25 12:33:52.867  INFO 58660 --- [localhost-startStop-1] o.s.b.w.servlet.ServletRegistrationBean  : Servlet dispatcherServlet mapped to [/]
2018-07-25 12:33:52.875  INFO 58660 --- [localhost-startStop-1] o.s.b.w.servlet.FilterRegistrationBean   : Mapping filter: 'characterEncodingFilter' to: [/*]
2018-07-25 12:33:52.875  INFO 58660 --- [localhost-startStop-1] o.s.b.w.servlet.FilterRegistrationBean   : Mapping filter: 'hiddenHttpMethodFilter' to: [/*]
2018-07-25 12:33:52.876  INFO 58660 --- [localhost-startStop-1] o.s.b.w.servlet.FilterRegistrationBean   : Mapping filter: 'httpPutFormContentFilter' to: [/*]
2018-07-25 12:33:52.876  INFO 58660 --- [localhost-startStop-1] o.s.b.w.servlet.FilterRegistrationBean   : Mapping filter: 'requestContextFilter' to: [/*]
2018-07-25 12:33:52.876  INFO 58660 --- [localhost-startStop-1] o.s.b.w.servlet.FilterRegistrationBean   : Mapping filter: 'webStatFilter' to urls: [/*]
2018-07-25 12:33:53.354  INFO 58660 --- [main] o.s.w.s.handler.SimpleUrlHandlerMapping  : Mapped URL path [/**/favicon.ico] onto handler of type [class org.springframework.web.servlet.resource.ResourceHttpRequestHandler]
2018-07-25 12:33:53.759  INFO 58660 --- [main] s.w.s.m.m.a.RequestMappingHandlerAdapter : Looking for @ControllerAdvice: org.springframework.boot.web.servlet.context.AnnotationConfigServletWebServerApplicationContext@313ac989: startup date [Wed Jul 25 12:33:50 CST 2018]; root of context hierarchy
2018-07-25 12:33:53.931  INFO 58660 --- [main] s.w.s.m.m.a.RequestMappingHandlerMapping : Mapped "{[/error]}" onto public org.springframework.http.ResponseEntity<java.util.Map<java.lang.String, java.lang.Object>> org.springframework.boot.autoconfigure.web.servlet.error.BasicErrorController.error(javax.servlet.http.HttpServletRequest)
2018-07-25 12:33:53.934  INFO 58660 --- [main] s.w.s.m.m.a.RequestMappingHandlerMapping : Mapped "{[/error],produces=[text/html]}" onto public org.springframework.web.servlet.ModelAndView org.springframework.boot.autoconfigure.web.servlet.error.BasicErrorController.errorHtml(javax.servlet.http.HttpServletRequest,javax.servlet.http.HttpServletResponse)
2018-07-25 12:33:53.966  INFO 58660 --- [main] o.s.w.s.handler.SimpleUrlHandlerMapping  : Mapped URL path [/webjars/**] onto handler of type [class org.springframework.web.servlet.resource.ResourceHttpRequestHandler]
2018-07-25 12:33:53.967  INFO 58660 --- [main] o.s.w.s.handler.SimpleUrlHandlerMapping  : Mapped URL path [/**] onto handler of type [class org.springframework.web.servlet.resource.ResourceHttpRequestHandler]
2018-07-25 12:33:54.826  INFO 58660 --- [main] o.s.j.e.a.AnnotationMBeanExporter        : Registering beans for JMX exposure on startup
2018-07-25 12:33:54.829  INFO 58660 --- [main] o.s.j.e.a.AnnotationMBeanExporter        : Bean with name 'dataSource' has been autodetected for JMX exposure
2018-07-25 12:33:54.836  INFO 58660 --- [main] o.s.j.e.a.AnnotationMBeanExporter        : Located MBean 'dataSource': registering with JMX server as MBean [com.alibaba.druid.pool:name=dataSource,type=DruidDataSource]
2018-07-25 12:33:54.912  INFO 58660 --- [main] o.s.b.w.embedded.tomcat.TomcatWebServer  : Tomcat started on port(s): 8080 (http) with context path ''
2018-07-25 12:33:54.918  INFO 58660 --- [main] top.whattowatch.wtw.WtwApplication       : Started WtwApplication in 5.537 seconds (JVM running for 7.146)
2018-07-25 12:34:41.560  INFO 59972 --- [main] top.whattowatch.wtw.WtwApplication       : Starting WtwApplication on DESKTOP-DK1GVM7 with PID 59972 (D:\IdeaWorkplace\wtw\target\classes started by 江南小俊 in D:\IdeaWorkplace\wtw)
2018-07-25 12:34:41.564  INFO 59972 --- [main] top.whattowatch.wtw.WtwApplication       : No active profile set, falling back to default profiles: default
2018-07-25 12:34:41.656  INFO 59972 --- [main] ConfigServletWebServerApplicationContext : Refreshing org.springframework.boot.web.servlet.context.AnnotationConfigServletWebServerApplicationContext@313ac989: startup date [Wed Jul 25 12:34:41 CST 2018]; root of context hierarchy
2018-07-25 12:34:42.738  INFO 59972 --- [main] .s.d.r.c.RepositoryConfigurationDelegate : Multiple Spring Data modules found, entering strict repository configuration mode!
2018-07-25 12:34:43.360  INFO 59972 --- [main] trationDelegate$BeanPostProcessorChecker : Bean 'org.springframework.transaction.annotation.ProxyTransactionManagementConfiguration' of type [org.springframework.transaction.annotation.ProxyTransactionManagementConfiguration$$EnhancerBySpringCGLIB$$879b65a7] is not eligible for getting processed by all BeanPostProcessors (for example: not eligible for auto-proxying)
2018-07-25 12:34:43.862  INFO 59972 --- [main] o.s.b.w.embedded.tomcat.TomcatWebServer  : Tomcat initialized with port(s): 8080 (http)
2018-07-25 12:34:43.900  INFO 59972 --- [main] o.apache.catalina.core.StandardService   : Starting service [Tomcat]
2018-07-25 12:34:43.901  INFO 59972 --- [main] org.apache.catalina.core.StandardEngine  : Starting Servlet Engine: Apache Tomcat/8.5.31
2018-07-25 12:34:43.907  INFO 59972 --- [localhost-startStop-1] o.a.catalina.core.AprLifecycleListener   : The APR based Apache Tomcat Native library which allows optimal performance in production environments was not found on the java.library.path: [E:\develop\java\java1.8\jdk1.8.0_151\bin;C:\WINDOWS\Sun\Java\bin;C:\WINDOWS\system32;C:\WINDOWS;C:\Program Files (x86)\Common Files\Oracle\Java\javapath;C:\ProgramData\Oracle\Java\javapath;E:\develop\python36\Scripts\;E:\develop\python36\;C:\WINDOWS\system32;C:\WINDOWS;C:\WINDOWS\System32\Wbem;C:\WINDOWS\System32\WindowsPowerShell\v1.0\;E:\develop\mysql\bin;E:\develop\apache-maven-3.5.3\bin;E:\develop\python36\Lib\idlelib;;C:\WINDOWS\System32\OpenSSH\;C:\Users\江南小俊\AppData\Local\Microsoft\WindowsApps;E:\develop\java\java1.8\jdk1.8.0_151\bin;E:\develop\java\java1.8\jdk1.8.0_151\jre\bin;E:\develop\gradle\gradle-4.8.1\bin;;E:\普通软件\Fiddler;.]
2018-07-25 12:34:44.200  INFO 59972 --- [localhost-startStop-1] o.a.c.c.C.[Tomcat].[localhost].[/]       : Initializing Spring embedded WebApplicationContext
2018-07-25 12:34:44.200  INFO 59972 --- [localhost-startStop-1] o.s.web.context.ContextLoader            : Root WebApplicationContext: initialization completed in 2544 ms
2018-07-25 12:34:44.619  INFO 59972 --- [localhost-startStop-1] o.s.b.w.servlet.ServletRegistrationBean  : Servlet statViewServlet mapped to [/druid/*]
2018-07-25 12:34:44.621  INFO 59972 --- [localhost-startStop-1] o.s.b.w.servlet.ServletRegistrationBean  : Servlet dispatcherServlet mapped to [/]
2018-07-25 12:34:44.629  INFO 59972 --- [localhost-startStop-1] o.s.b.w.servlet.FilterRegistrationBean   : Mapping filter: 'characterEncodingFilter' to: [/*]
2018-07-25 12:34:44.631  INFO 59972 --- [localhost-startStop-1] o.s.b.w.servlet.FilterRegistrationBean   : Mapping filter: 'hiddenHttpMethodFilter' to: [/*]
2018-07-25 12:34:44.632  INFO 59972 --- [localhost-startStop-1] o.s.b.w.servlet.FilterRegistrationBean   : Mapping filter: 'httpPutFormContentFilter' to: [/*]
2018-07-25 12:34:44.632  INFO 59972 --- [localhost-startStop-1] o.s.b.w.servlet.FilterRegistrationBean   : Mapping filter: 'requestContextFilter' to: [/*]
2018-07-25 12:34:44.633  INFO 59972 --- [localhost-startStop-1] o.s.b.w.servlet.FilterRegistrationBean   : Mapping filter: 'webStatFilter' to urls: [/*]
2018-07-25 12:34:45.244  INFO 59972 --- [main] o.s.w.s.handler.SimpleUrlHandlerMapping  : Mapped URL path [/**/favicon.ico] onto handler of type [class org.springframework.web.servlet.resource.ResourceHttpRequestHandler]
2018-07-25 12:34:45.737  INFO 59972 --- [main] s.w.s.m.m.a.RequestMappingHandlerAdapter : Looking for @ControllerAdvice: org.springframework.boot.web.servlet.context.AnnotationConfigServletWebServerApplicationContext@313ac989: startup date [Wed Jul 25 12:34:41 CST 2018]; root of context hierarchy
2018-07-25 12:34:45.926  INFO 59972 --- [main] s.w.s.m.m.a.RequestMappingHandlerMapping : Mapped "{[/error]}" onto public org.springframework.http.ResponseEntity<java.util.Map<java.lang.String, java.lang.Object>> org.springframework.boot.autoconfigure.web.servlet.error.BasicErrorController.error(javax.servlet.http.HttpServletRequest)
2018-07-25 12:34:45.928  INFO 59972 --- [main] s.w.s.m.m.a.RequestMappingHandlerMapping : Mapped "{[/error],produces=[text/html]}" onto public org.springframework.web.servlet.ModelAndView org.springframework.boot.autoconfigure.web.servlet.error.BasicErrorController.errorHtml(javax.servlet.http.HttpServletRequest,javax.servlet.http.HttpServletResponse)
2018-07-25 12:34:45.978  INFO 59972 --- [main] o.s.w.s.handler.SimpleUrlHandlerMapping  : Mapped URL path [/webjars/**] onto handler of type [class org.springframework.web.servlet.resource.ResourceHttpRequestHandler]
2018-07-25 12:34:45.979  INFO 59972 --- [main] o.s.w.s.handler.SimpleUrlHandlerMapping  : Mapped URL path [/**] onto handler of type [class org.springframework.web.servlet.resource.ResourceHttpRequestHandler]
2018-07-25 12:34:46.889  INFO 59972 --- [main] o.s.j.e.a.AnnotationMBeanExporter        : Registering beans for JMX exposure on startup
2018-07-25 12:34:46.891  INFO 59972 --- [main] o.s.j.e.a.AnnotationMBeanExporter        : Bean with name 'dataSource' has been autodetected for JMX exposure
2018-07-25 12:34:46.901  INFO 59972 --- [main] o.s.j.e.a.AnnotationMBeanExporter        : Located MBean 'dataSource': registering with JMX server as MBean [com.alibaba.druid.pool:name=dataSource,type=DruidDataSource]
2018-07-25 12:34:46.988  INFO 59972 --- [main] o.s.b.w.embedded.tomcat.TomcatWebServer  : Tomcat started on port(s): 8080 (http) with context path ''
2018-07-25 12:34:46.995  INFO 59972 --- [main] top.whattowatch.wtw.WtwApplication       : Started WtwApplication in 6.161 seconds (JVM running for 8.061)
